<?xml version="1.0" encoding="UTF-8"?>
<testng-results skipped="0" failed="0" ignored="0" total="1" passed="1">
  <reporter-output>
  </reporter-output>
  <suite name="All Test Suite" duration-ms="78" started-at="2020-06-18T22:44:18 EDT" finished-at="2020-06-18T22:44:18 EDT">
    <groups>
    </groups>
    <test name="test" duration-ms="78" started-at="2020-06-18T22:44:18 EDT" finished-at="2020-06-18T22:44:18 EDT">
      <class name="test.t">
        <test-method status="PASS" signature="b()[pri:0, instance:test.t@5649fd9b]" name="b" is-config="true" duration-ms="16" started-at="2020-06-18T22:44:18 EDT" finished-at="2020-06-18T22:44:18 EDT">
          <reporter-output>
          </reporter-output>
        </test-method> <!-- b -->
        <test-method status="PASS" signature="t()[pri:0, instance:test.t@5649fd9b]" name="t" duration-ms="0" started-at="2020-06-18T22:44:18 EDT" finished-at="2020-06-18T22:44:18 EDT">
          <reporter-output>
          </reporter-output>
        </test-method> <!-- t -->
        <test-method status="PASS" signature="a()[pri:0, instance:test.t@5649fd9b]" name="a" is-config="true" duration-ms="0" started-at="2020-06-18T22:44:18 EDT" finished-at="2020-06-18T22:44:18 EDT">
          <reporter-output>
          </reporter-output>
        </test-method> <!-- a -->
      </class> <!-- test.t -->
    </test> <!-- test -->
  </suite> <!-- All Test Suite -->
</testng-results>
