<?xml version="1.0" encoding="UTF-8"?>
<testng-results skipped="0" failed="0" ignored="0" total="1" passed="1">
  <reporter-output>
  </reporter-output>
  <suite name="Default suite" duration-ms="123" started-at="2020-05-20T17:55:19 EDT" finished-at="2020-05-20T17:55:19 EDT">
    <groups>
    </groups>
    <test name="Default test" duration-ms="123" started-at="2020-05-20T17:55:19 EDT" finished-at="2020-05-20T17:55:19 EDT">
      <class name="samplemaven.asdf.test">
        <test-method status="PASS" signature="t()[pri:0, instance:samplemaven.asdf.test@1dfe2924]" name="t" duration-ms="16" started-at="2020-05-20T17:55:19 EDT" finished-at="2020-05-20T17:55:19 EDT">
          <reporter-output>
          </reporter-output>
        </test-method> <!-- t -->
      </class> <!-- samplemaven.asdf.test -->
    </test> <!-- Default test -->
  </suite> <!-- Default suite -->
</testng-results>
