<?xml version="1.0" encoding="UTF-8"?>
<testng-results skipped="0" failed="0" total="1" passed="1">
  <reporter-output>
  </reporter-output>
  <suite name="Default suite" duration-ms="50" started-at="2020-05-13T03:41:46Z" finished-at="2020-05-13T03:41:46Z">
    <groups>
    </groups>
    <test name="Default test" duration-ms="50" started-at="2020-05-13T03:41:46Z" finished-at="2020-05-13T03:41:46Z">
      <class name="a.NewTest">
        <test-method status="PASS" signature="f()[pri:0, instance:a.NewTest@491666ad]" name="f" duration-ms="20" started-at="2020-05-12T23:41:46Z" finished-at="2020-05-12T23:41:46Z">
          <reporter-output>
          </reporter-output>
        </test-method> <!-- f -->
      </class> <!-- a.NewTest -->
    </test> <!-- Default test -->
  </suite> <!-- Default suite -->
</testng-results>
