<?xml version="1.0" encoding="UTF-8"?>
<testng-results skipped="0" failed="0" total="4" passed="4">
  <reporter-output>
  </reporter-output>
  <suite name="Suite1" duration-ms="61898" started-at="2020-05-17T21:59:06Z" finished-at="2020-05-17T22:00:08Z">
    <groups>
    </groups>
    <test name="homepage" duration-ms="61898" started-at="2020-05-17T21:59:06Z" finished-at="2020-05-17T22:00:08Z">
      <class name="page.test1">
        <test-method status="PASS" signature="set()[pri:0, instance:page.test1@75412c2f]" name="set" is-config="true" duration-ms="12713" started-at="2020-05-17T17:59:06Z" finished-at="2020-05-17T17:59:19Z">
          <reporter-output>
          </reporter-output>
        </test-method> <!-- set -->
        <test-method status="PASS" signature="homepage()[pri:0, instance:page.test1@75412c2f]" name="homepage" duration-ms="167" started-at="2020-05-17T17:59:19Z" finished-at="2020-05-17T17:59:19Z">
          <reporter-output>
          </reporter-output>
        </test-method> <!-- homepage -->
        <test-method status="PASS" signature="terminateBrowser()[pri:0, instance:page.test1@75412c2f]" name="terminateBrowser" is-config="true" duration-ms="635" started-at="2020-05-17T17:59:19Z" finished-at="2020-05-17T17:59:20Z">
          <reporter-output>
          </reporter-output>
        </test-method> <!-- terminateBrowser -->
        <test-method status="PASS" signature="set()[pri:0, instance:page.test1@75412c2f]" name="set" is-config="true" duration-ms="9042" started-at="2020-05-17T17:59:20Z" finished-at="2020-05-17T17:59:29Z">
          <reporter-output>
          </reporter-output>
        </test-method> <!-- set -->
        <test-method status="PASS" signature="test_signin()[pri:0, instance:page.test1@75412c2f]" name="test_signin" duration-ms="1368" started-at="2020-05-17T17:59:29Z" depends-on-methods="page.test1.homepage" finished-at="2020-05-17T17:59:30Z">
          <reporter-output>
          </reporter-output>
        </test-method> <!-- test_signin -->
        <test-method status="PASS" signature="terminateBrowser()[pri:0, instance:page.test1@75412c2f]" name="terminateBrowser" is-config="true" duration-ms="389" started-at="2020-05-17T17:59:30Z" finished-at="2020-05-17T17:59:31Z">
          <reporter-output>
          </reporter-output>
        </test-method> <!-- terminateBrowser -->
        <test-method status="PASS" signature="set()[pri:0, instance:page.test1@75412c2f]" name="set" is-config="true" duration-ms="9882" started-at="2020-05-17T17:59:31Z" finished-at="2020-05-17T17:59:40Z">
          <reporter-output>
          </reporter-output>
        </test-method> <!-- set -->
        <test-method status="PASS" signature="test_search()[pri:0, instance:page.test1@75412c2f]" name="test_search" duration-ms="1582" started-at="2020-05-17T17:59:40Z" depends-on-methods="page.test1.homepage" finished-at="2020-05-17T17:59:42Z">
          <reporter-output>
          </reporter-output>
        </test-method> <!-- test_search -->
        <test-method status="PASS" signature="terminateBrowser()[pri:0, instance:page.test1@75412c2f]" name="terminateBrowser" is-config="true" duration-ms="5075" started-at="2020-05-17T17:59:42Z" finished-at="2020-05-17T17:59:47Z">
          <reporter-output>
          </reporter-output>
        </test-method> <!-- terminateBrowser -->
        <test-method status="PASS" signature="set()[pri:0, instance:page.test1@75412c2f]" name="set" is-config="true" duration-ms="8687" started-at="2020-05-17T17:59:47Z" finished-at="2020-05-17T17:59:56Z">
          <reporter-output>
          </reporter-output>
        </test-method> <!-- set -->
        <test-method status="PASS" signature="createacc()[pri:0, instance:page.test1@75412c2f]" name="createacc" duration-ms="7440" started-at="2020-05-17T17:59:56Z" depends-on-methods="page.test1.test_signin" finished-at="2020-05-17T18:00:03Z">
          <reporter-output>
          </reporter-output>
        </test-method> <!-- createacc -->
        <test-method status="PASS" signature="terminateBrowser()[pri:0, instance:page.test1@75412c2f]" name="terminateBrowser" is-config="true" duration-ms="4873" started-at="2020-05-17T18:00:03Z" finished-at="2020-05-17T18:00:08Z">
          <reporter-output>
          </reporter-output>
        </test-method> <!-- terminateBrowser -->
      </class> <!-- page.test1 -->
    </test> <!-- homepage -->
  </suite> <!-- Suite1 -->
</testng-results>
