<?xml version="1.0" encoding="UTF-8"?>
<testng-results skipped="0" failed="0" ignored="0" total="1" passed="1">
  <reporter-output>
  </reporter-output>
  <suite name="Default suite" duration-ms="105" started-at="2020-05-22T21:20:07 EDT" finished-at="2020-05-22T21:20:07 EDT">
    <groups>
    </groups>
    <test name="Default test" duration-ms="105" started-at="2020-05-22T21:20:07 EDT" finished-at="2020-05-22T21:20:07 EDT">
      <class name="samplemaven.nnnnn.test">
        <test-method status="PASS" signature="t()[pri:0, instance:samplemaven.nnnnn.test@369f73a2]" name="t" duration-ms="17" started-at="2020-05-22T21:20:07 EDT" finished-at="2020-05-22T21:20:07 EDT">
          <reporter-output>
          </reporter-output>
        </test-method> <!-- t -->
      </class> <!-- samplemaven.nnnnn.test -->
    </test> <!-- Default test -->
  </suite> <!-- Default suite -->
</testng-results>
