<?xml version="1.0" encoding="UTF-8" standalone="no"?>
<testsuite errors="0" failures="0" name="io.cucumber.core.plugin.JUnitFormatter" skipped="0" tests="3" time="0.422">
<testcase classname="test feature" name="testing feature" time="0.163">
<system-out><![CDATA[Given given name is "qwe"...................................................passed
When password is "123"......................................................passed
Then print all..............................................................passed
]]></system-out>
</testcase>
<testcase classname="test feature" name="testing feature 2" time="0.007">
<system-out><![CDATA[Given given name is "asd"...................................................passed
When password is "4568963"..................................................passed
Then print all..............................................................passed
]]></system-out>
</testcase>
<testcase classname="test feature" name="testing feature 3" time="0.006">
<system-out><![CDATA[Given given name is "zxc"...................................................passed
When password is "789"......................................................passed
Then print all..............................................................passed
]]></system-out>
</testcase>
</testsuite>
