<?xml version="1.0" encoding="UTF-8"?>
<!-- Generated by org.testng.reporters.JUnitXMLReporter -->
<testsuite hostname="marufpc2" name="homepage" tests="4" failures="0" timestamp="17 May 2020 22:00:08 GMT" time="61.898" errors="0">
  <testcase name="homepage" time="0.167" classname="page.test1"/>
  <testcase name="test_signin" time="1.368" classname="page.test1"/>
  <testcase name="test_search" time="1.582" classname="page.test1"/>
  <testcase name="createacc" time="7.44" classname="page.test1"/>
</testsuite> <!-- homepage -->
