<?xml version="1.0" encoding="UTF-8"?>
<testng-results skipped="0" failed="0" ignored="0" total="0" passed="0">
  <reporter-output>
  </reporter-output>
  <suite name="samplemaven.nnnnn.AppTest" duration-ms="20" started-at="2020-05-22T21:20:55 EDT" finished-at="2020-05-22T21:20:55 EDT">
    <groups>
    </groups>
    <test name="Command line test" duration-ms="20" started-at="2020-05-22T21:20:55 EDT" finished-at="2020-05-22T21:20:55 EDT">
    </test> <!-- Command line test -->
  </suite> <!-- samplemaven.nnnnn.AppTest -->
</testng-results>
