<?xml version="1.0" encoding="UTF-8"?>
<testng-results skipped="0" failed="0" total="1" passed="1">
  <reporter-output>
  </reporter-output>
  <suite name="Default suite" duration-ms="87" started-at="2020-05-20T04:18:25Z" finished-at="2020-05-20T04:18:25Z">
    <groups>
    </groups>
    <test name="Default test" duration-ms="87" started-at="2020-05-20T04:18:25Z" finished-at="2020-05-20T04:18:25Z">
      <class name="test1.NewTest">
        <test-method status="PASS" signature="test()[pri:0, instance:test1.NewTest@6279cee3]" name="test" duration-ms="33" started-at="2020-05-19T21:18:25Z" finished-at="2020-05-19T21:18:25Z">
          <reporter-output>
          </reporter-output>
        </test-method> <!-- test -->
      </class> <!-- test1.NewTest -->
    </test> <!-- Default test -->
  </suite> <!-- Default suite -->
</testng-results>
